  Entity.cpp
C:\Users\kubal\Desktop\PJC_PACMAN\Entity.cpp(53,66): warning C4244: "argument": konwersja z "double" do "T", możliwa utrata danych
C:\Users\kubal\Desktop\PJC_PACMAN\Entity.cpp(53,66): warning C4244:         with
C:\Users\kubal\Desktop\PJC_PACMAN\Entity.cpp(53,66): warning C4244:         [
C:\Users\kubal\Desktop\PJC_PACMAN\Entity.cpp(53,66): warning C4244:             T=float
C:\Users\kubal\Desktop\PJC_PACMAN\Entity.cpp(53,66): warning C4244:         ]
  Game.cpp
  Main.cpp
C:\Users\kubal\Desktop\PJC_PACMAN\Entity.cpp(53,41): warning C4244: "argument": konwersja z "double" do "T", możliwa utrata danych
C:\Users\kubal\Desktop\PJC_PACMAN\Entity.cpp(53,41): warning C4244:         with
C:\Users\kubal\Desktop\PJC_PACMAN\Entity.cpp(53,41): warning C4244:         [
C:\Users\kubal\Desktop\PJC_PACMAN\Entity.cpp(53,41): warning C4244:             T=float
C:\Users\kubal\Desktop\PJC_PACMAN\Entity.cpp(53,41): warning C4244:         ]
C:\Users\kubal\Desktop\PJC_PACMAN\Main.cpp(16,48): warning C4244: "argument": konwersja z "T" do "float", możliwa utrata danych
C:\Users\kubal\Desktop\PJC_PACMAN\Main.cpp(16,48): warning C4244:         with
C:\Users\kubal\Desktop\PJC_PACMAN\Main.cpp(16,48): warning C4244:         [
C:\Users\kubal\Desktop\PJC_PACMAN\Main.cpp(16,48): warning C4244:             T=unsigned int
C:\Users\kubal\Desktop\PJC_PACMAN\Main.cpp(16,48): warning C4244:         ]
  Map.cpp
C:\Users\kubal\Desktop\PJC_PACMAN\Main.cpp(16,28): warning C4244: "argument": konwersja z "T" do "float", możliwa utrata danych
C:\Users\kubal\Desktop\PJC_PACMAN\Main.cpp(16,28): warning C4244:         with
C:\Users\kubal\Desktop\PJC_PACMAN\Main.cpp(16,28): warning C4244:         [
C:\Users\kubal\Desktop\PJC_PACMAN\Main.cpp(16,28): warning C4244:             T=unsigned int
C:\Users\kubal\Desktop\PJC_PACMAN\Main.cpp(16,28): warning C4244:         ]
C:\Users\kubal\Desktop\PJC_PACMAN\Map.cpp(46,34): warning C4244: "argument": konwersja z "int" do "float", możliwa utrata danych
  Menu.cpp
  Monster.cpp
  Player.cpp
  Generowanie kodu...
C:\Users\kubal\Desktop\PJC_PACMAN\Map.cpp(46,26): warning C4244: "argument": konwersja z "int" do "float", możliwa utrata danych
C:\Users\kubal\Desktop\PJC_PACMAN\Menu.cpp(65): warning C4715: "Menu::przycisk”: niewszystkie ścieżki kodu zwracają wartość
  PJC_PACMAN.vcxproj -> C:\Users\kubal\Desktop\PJC_PACMAN\Debug\PJC_PACMAN.exe
